<?xml version="1.0" encoding="UTF-8"?>
<testng-results ignored="0" total="2" passed="2" failed="0" skipped="0">
  <reporter-output>
  </reporter-output>
  <suite started-at="2023-04-04T10:23:37 IST" name="Surefire suite" finished-at="2023-04-04T10:23:56 IST" duration-ms="19355">
    <groups>
    </groups>
    <test started-at="2023-04-04T10:23:37 IST" name="Surefire test" finished-at="2023-04-04T10:23:56 IST" duration-ms="19355">
      <class name="org.example.GoogleSearchTest">
        <test-method signature="googletest()[pri:0, instance:org.example.GoogleSearchTest@78b729e6]" started-at="2023-04-04T10:23:37 IST" name="googletest" finished-at="2023-04-04T10:23:56 IST" duration-ms="19298" status="PASS">
          <reporter-output>
          </reporter-output>
        </test-method> <!-- googletest -->
      </class> <!-- org.example.GoogleSearchTest -->
      <class name="org.example.AppTest">
        <test-method signature="testcase2_login()[pri:0, instance:org.example.AppTest@1198b989]" started-at="2023-04-04T10:23:37 IST" name="testcase2_login" finished-at="2023-04-04T10:23:37 IST" duration-ms="14" status="PASS">
          <reporter-output>
          </reporter-output>
        </test-method> <!-- testcase2_login -->
      </class> <!-- org.example.AppTest -->
    </test> <!-- Surefire test -->
  </suite> <!-- Surefire suite -->
</testng-results>
